<?xml version="1.0" encoding="UTF-8"?>
<!-- Generated by org.testng.reporters.JUnitXMLReporter -->
<testsuite hostname="DESKTOP-V515QSP" ignored="0" name="VerifyLoginWithIncorrectCredentials" tests="2" failures="0" timestamp="16 Jun 2018 13:39:50 GMT" time="41.373" errors="0">
  <testcase name="verifyLoginWithIncorrectCredentials" time="3.985" classname="com.automation.pageobject.homepage.VerifyLoginWithIncorrectCredentials"/>
  <testcase name="VerifyCreateAccountbutton" time="2.641" classname="com.automation.pageobject.homepage.VerifyCreateAccountbutton"/>
</testsuite> <!-- VerifyLoginWithIncorrectCredentials -->
