<?xml version="1.0" encoding="UTF-8"?>
<testng-results skipped="0" failed="0" ignored="0" total="1" passed="1">
  <reporter-output>
  </reporter-output>
  <suite name="Default suite" duration-ms="20786" started-at="2018-07-01T13:08:53Z" finished-at="2018-07-01T13:09:14Z">
    <groups>
    </groups>
    <test name="Default test" duration-ms="20786" started-at="2018-07-01T13:08:53Z" finished-at="2018-07-01T13:09:14Z">
      <class name="seleniumpratice.SampleProgram">
        <test-method status="PASS" signature="test1()[pri:0, instance:seleniumpratice.SampleProgram@59f99ea]" name="test1" duration-ms="20749" started-at="2018-07-01T18:38:53Z" finished-at="2018-07-01T18:39:14Z">
          <reporter-output>
          </reporter-output>
        </test-method> <!-- test1 -->
      </class> <!-- seleniumpratice.SampleProgram -->
    </test> <!-- Default test -->
  </suite> <!-- Default suite -->
</testng-results>
